TN:
SF:src\js\app.js
FN:9,(anonymous_0)
FN:13,(anonymous_1)
FN:19,initApp
FN:24,onFormSubmit
FNF:4
FNH:0
FNDA:0,(anonymous_0)
FNDA:0,(anonymous_1)
FNDA:0,initApp
FNDA:0,onFormSubmit
DA:9,0
DA:10,0
DA:11,0
DA:13,0
DA:14,0
DA:15,0
DA:20,0
DA:21,0
DA:26,0
DA:27,0
DA:28,0
DA:29,0
DA:30,0
DA:32,0
DA:40,0
LF:15
LH:0
BRF:0
BRH:0
end_of_record
TN:
SF:src\js\config\apiConfig.js
FNF:0
FNH:0
DA:1,0
LF:1
LH:0
BRF:0
BRH:0
end_of_record
TN:
SF:src\js\helpers\date.js
FN:9,formatDate
FNF:1
FNH:1
FNDA:1,formatDate
DA:10,1
DA:11,1
LF:2
LH:2
BRF:0
BRH:0
end_of_record
TN:
SF:src\js\plugins\index.js
FNF:0
FNH:0
LF:0
LH:0
BRF:0
BRH:0
end_of_record
TN:
SF:src\js\plugins\materialize.js
FN:9,getSelectInstance
FN:24,getAutocompleteInstance
FN:36,getDatePickerInstanse
FNF:3
FNH:0
FNDA:0,getSelectInstance
FNDA:0,getAutocompleteInstance
FNDA:0,getDatePickerInstanse
DA:6,0
DA:7,0
DA:10,0
DA:15,0
DA:16,0
DA:25,0
DA:30,0
DA:31,0
DA:37,0
LF:9
LH:0
BRF:0
BRH:0
end_of_record
TN:
SF:src\js\services\apiService.js
FN:6,(anonymous_0)
FN:9,(anonymous_1)
FN:18,(anonymous_2)
FN:28,(anonymous_3)
FN:38,(anonymous_4)
FNF:5
FNH:0
FNDA:0,(anonymous_0)
FNDA:0,(anonymous_1)
FNDA:0,(anonymous_2)
FNDA:0,(anonymous_3)
FNDA:0,(anonymous_4)
DA:7,0
DA:10,0
DA:11,0
DA:12,0
DA:14,0
DA:15,0
DA:19,0
DA:20,0
DA:21,0
DA:23,0
DA:24,0
DA:29,0
DA:30,0
DA:31,0
DA:33,0
DA:34,0
DA:39,0
DA:40,0
DA:43,0
DA:45,0
DA:46,0
DA:51,0
LF:22
LH:0
BRF:0
BRH:0
end_of_record
TN:
SF:src\js\store\locations.js
FN:4,(anonymous_0)
FN:14,(anonymous_1)
FN:29,(anonymous_2)
FN:30,(anonymous_3)
FN:35,(anonymous_4)
FN:39,(anonymous_5)
FN:43,(anonymous_6)
FN:47,(anonymous_7)
FN:48,(anonymous_8)
FN:55,(anonymous_9)
FN:57,(anonymous_10)
FN:63,(anonymous_11)
FN:64,(anonymous_12)
FN:72,(anonymous_13)
FN:74,(anonymous_14)
FN:87,(anonymous_15)
FN:91,(anonymous_16)
FN:92,(anonymous_17)
FN:95,(anonymous_18)
FN:100,(anonymous_19)
FN:101,(anonymous_20)
FNF:21
FNH:0
FNDA:0,(anonymous_0)
FNDA:0,(anonymous_1)
FNDA:0,(anonymous_2)
FNDA:0,(anonymous_3)
FNDA:0,(anonymous_4)
FNDA:0,(anonymous_5)
FNDA:0,(anonymous_6)
FNDA:0,(anonymous_7)
FNDA:0,(anonymous_8)
FNDA:0,(anonymous_9)
FNDA:0,(anonymous_10)
FNDA:0,(anonymous_11)
FNDA:0,(anonymous_12)
FNDA:0,(anonymous_13)
FNDA:0,(anonymous_14)
FNDA:0,(anonymous_15)
FNDA:0,(anonymous_16)
FNDA:0,(anonymous_17)
FNDA:0,(anonymous_18)
FNDA:0,(anonymous_19)
FNDA:0,(anonymous_20)
DA:5,0
DA:6,0
DA:7,0
DA:8,0
DA:9,0
DA:10,0
DA:11,0
DA:15,0
DA:21,0
DA:22,0
DA:23,0
DA:24,0
DA:25,0
DA:26,0
DA:30,0
DA:31,0
DA:32,0
DA:36,0
DA:40,0
DA:44,0
DA:48,0
DA:50,0
DA:51,0
DA:57,0
DA:58,0
DA:59,0
DA:64,0
DA:65,0
DA:66,0
DA:67,0
DA:68,0
DA:74,0
DA:75,0
DA:76,0
DA:77,0
DA:78,0
DA:83,0
DA:88,0
DA:92,0
DA:96,0
DA:97,0
DA:101,0
DA:102,0
DA:115,0
LF:44
LH:0
BRDA:40,0,0,0
BRDA:40,0,1,0
BRDA:44,1,0,0
BRDA:44,1,1,0
BRDA:66,2,0,0
BRDA:66,2,1,0
BRDA:76,3,0,0
BRDA:76,3,1,0
BRF:8
BRH:0
end_of_record
TN:
SF:src\js\views\currency.js
FN:2,(anonymous_0)
FN:10,(anonymous_1)
FN:14,(anonymous_2)
FNF:3
FNH:0
FNDA:0,(anonymous_0)
FNDA:0,(anonymous_1)
FNDA:0,(anonymous_2)
DA:3,0
DA:4,0
DA:11,0
DA:15,0
DA:19,0
LF:5
LH:0
BRF:0
BRH:0
end_of_record
TN:
SF:src\js\views\form.js
FN:4,(anonymous_0)
FN:16,(anonymous_1)
FN:20,(anonymous_2)
FN:24,(anonymous_3)
FN:28,(anonymous_4)
FN:32,(anonymous_5)
FN:36,(anonymous_6)
FNF:7
FNH:0
FNDA:0,(anonymous_0)
FNDA:0,(anonymous_1)
FNDA:0,(anonymous_2)
FNDA:0,(anonymous_3)
FNDA:0,(anonymous_4)
FNDA:0,(anonymous_5)
FNDA:0,(anonymous_6)
DA:5,0
DA:6,0
DA:7,0
DA:8,0
DA:9,0
DA:10,0
DA:11,0
DA:12,0
DA:13,0
DA:17,0
DA:21,0
DA:25,0
DA:29,0
DA:33,0
DA:37,0
DA:38,0
DA:42,0
LF:17
LH:0
BRF:0
BRH:0
end_of_record
TN:
SF:src\js\views\tickets.js
FN:4,(anonymous_0)
FN:9,(anonymous_1)
FN:20,(anonymous_2)
FN:28,(anonymous_3)
FN:32,(anonymous_4)
FN:37,(anonymous_5)
FN:43,(anonymous_6)
FNF:7
FNH:0
FNDA:0,(anonymous_0)
FNDA:0,(anonymous_1)
FNDA:0,(anonymous_2)
FNDA:0,(anonymous_3)
FNDA:0,(anonymous_4)
FNDA:0,(anonymous_5)
FNDA:0,(anonymous_6)
DA:5,0
DA:6,0
DA:10,0
DA:12,0
DA:13,0
DA:14,0
DA:17,0
DA:18,0
DA:20,0
DA:21,0
DA:22,0
DA:25,0
DA:29,0
DA:33,0
DA:34,0
DA:38,0
DA:44,0
DA:78,0
LF:18
LH:0
BRDA:12,0,0,0
BRDA:12,0,1,0
BRF:2
BRH:0
end_of_record
